<?xml version="1.0" encoding="UTF-8"?>
<testsuite xmlns:xsi="http://www.w3.org/2001/XMLSchema-instance" xsi:noNamespaceSchemaLocation="https://maven.apache.org/surefire/maven-surefire-plugin/xsd/surefire-test-report.xsd" name="com.GIA.GIATcp.tcpcalibration.probe.CalibrationServerParseInitTest" time="0.205" tests="10" errors="0" skipped="0" failures="0">
  <properties>
[...]
</properties>
  <testcase name="newLineParsesStartPose" classname="com.GIA.GIATcp.tcpcalibration.probe.CalibrationServerParseInitTest" time="0.2"/>
  <testcase name="persistZeroIsFalse" classname="com.GIA.GIATcp.tcpcalibration.probe.CalibrationServerParseInitTest" time="0"/>
  <testcase name="malformedReturnsNull" classname="com.GIA.GIATcp.tcpcalibration.probe.CalibrationServerParseInitTest" time="0.001"/>
  <testcase name="lineWithoutDiameterTailDisablesDiameterCheck" classname="com.GIA.GIATcp.tcpcalibration.probe.CalibrationServerParseInitTest" time="0"/>
  <testcase name="lineWithoutStartPoseLeavesItNull" classname="com.GIA.GIATcp.tcpcalibration.probe.CalibrationServerParseInitTest" time="0"/>
  <testcase name="newLineParsesAsymmetricMinMaxBands" classname="com.GIA.GIATcp.tcpcalibration.probe.CalibrationServerParseInitTest" time="0.001"/>
  <testcase name="newLineParsesDiameterToleranceAndNominal" classname="com.GIA.GIATcp.tcpcalibration.probe.CalibrationServerParseInitTest" time="0"/>
  <testcase name="newLineParsesTcpIdAndPersist" classname="com.GIA.GIATcp.tcpcalibration.probe.CalibrationServerParseInitTest" time="0"/>
  <testcase name="legacyLineParsesWithoutPersist" classname="com.GIA.GIATcp.tcpcalibration.probe.CalibrationServerParseInitTest" time="0"/>
  <testcase name="lineWithoutMinMaxTailLeavesAsymBandsNull" classname="com.GIA.GIATcp.tcpcalibration.probe.CalibrationServerParseInitTest" time="0"/>
</testsuite>